#
# A fatal error has been detected by the Java Runtime Environment:
#
#  EXCEPTION_ACCESS_VIOLATION (0xc0000005) at pc=0x00007ffa01cd2191, pid=9228, tid=7972
#
# JRE version: Java(TM) SE Runtime Environment (15.0.2+7) (build 15.0.2+7-27)
# Java VM: Java HotSpot(TM) 64-Bit Server VM (15.0.2+7-27, mixed mode, sharing, tiered, compressed oops, g1 gc, windows-amd64)
# Problematic frame:
# V  [jvm.dll+0x182191]
#
# No core dump will be written. Minidumps are not enabled by default on client versions of Windows
#
# If you would like to submit a bug report, please visit:
#   https://bugreport.java.com/bugreport/crash.jsp
#

---------------  S U M M A R Y ------------

Command Line: -ea -Dfile.encoding=UTF-8 -XX:+ShowCodeDetailsInExceptionMessages org.eclipse.jdt.internal.junit.runner.RemoteTestRunner -version 3 -port 52791 -testLoaderClass org.eclipse.jdt.internal.junit5.runner.JUnit5TestLoader -loaderpluginname org.eclipse.jdt.junit5.runtime -classNames com.generation.blogpessoal.controller.UsuarioControllerTest

Host: Intel(R) Core(TM) i5-3230M CPU @ 2.60GHz, 4 cores, 7G,  Windows 10 , 64 bit Build 19041 (10.0.19041.1706)
Time: Mon May 16 09:38:02 2022 Hora oficial do Brasil elapsed time: 56.337461 seconds (0d 0h 0m 56s)

---------------  T H R E A D  ---------------

Current thread (0x000001390a0b62d0):  ConcurrentGCThread "G1 Conc#0" [stack: 0x0000003392400000,0x0000003392500000] [id=7972]

Stack: [0x0000003392400000,0x0000003392500000],  sp=0x00000033924ff658,  free space=1021k
Native frames: (J=compiled Java code, j=interpreted, Vv=VM code, C=native code)
V  [jvm.dll+0x182191]


siginfo: EXCEPTION_ACCESS_VIOLATION (0xc0000005), reading address 0x00000000000000f0


Register to memory mapping:

RIP=0x00007ffa01cd2191 jvm.dll
RAX=0x0 is NULL
RBX=0x0000200080020008 is an unknown value
RCX=0x0000000800000000 is pointing into metadata
RDX=0x0000000082c90178 is pointing into object: java.lang.Class 
{0x0000000082c90168} - klass: 'java/lang/Class'
RSP=0x00000033924ff658 points into unknown readable memory: 0x00007ffa01df0722 | 22 07 df 01 fa 7f 00 00
RBP=0x000001390a0a52a0 points into unknown readable memory: 0x000001390a0b57d0 | d0 57 0b 0a 39 01 00 00
RSI=0x0000800000000001 is an unknown value
RDI=0x0000000082c90178 is pointing into object: java.lang.Class 
{0x0000000082c90168} - klass: 'java/lang/Class'
R8 =0x0 is NULL
R9 =0x0000000800000000 is pointing into metadata
R10=0x0000000000000052 is an unknown value
R11=0x0000000000000246 is an unknown value
R12=0x0 is NULL
R13=0x00000033923ff420 points into unknown readable memory: 0x00007ffa023d6238 | 38 62 3d 02 fa 7f 00 00
R14=0x0000013923e0a400 points into unknown readable memory: 0x0000a00080020008 | 08 00 02 80 00 a0 00 00
R15=0x0 is NULL


Registers:
RAX=0x0000000000000000, RBX=0x0000200080020008, RCX=0x0000000800000000, RDX=0x0000000082c90178
RSP=0x00000033924ff658, RBP=0x000001390a0a52a0, RSI=0x0000800000000001, RDI=0x0000000082c90178
R8 =0x0000000000000000, R9 =0x0000000800000000, R10=0x0000000000000052, R11=0x0000000000000246
R12=0x0000000000000000, R13=0x00000033923ff420, R14=0x0000013923e0a400, R15=0x0000000000000000
RIP=0x00007ffa01cd2191, EFLAGS=0x0000000000010246

Top of Stack: (sp=0x00000033924ff658)
0x00000033924ff658:   00007ffa01df0722 00000008003c5580
0x00000033924ff668:   00000033924ff6f0 0000000084ca6e88
0x00000033924ff678:   0000000084ca6ea0 00007ffa0254c4c0
0x00000033924ff688:   00000033924ff6f0 000001390a0a5350
0x00000033924ff698:   00007ffa01dffb65 0000000084ca8b60
0x00000033924ff6a8:   0000000084cb4a94 0000000084d00000
0x00000033924ff6b8:   0000000084d00000 0000000000001b75
0x00000033924ff6c8:   00007ffa01e06237 00000008000107e0
0x00000033924ff6d8:   0000000084ca6ef0 000001390a0a5350
0x00000033924ff6e8:   0000000000000000 00007ffa023d5cb0
0x00000033924ff6f8:   0000000000000000 0000013900000003
0x00000033924ff708:   000001390a0726f0 000001390a0a52a0
0x00000033924ff718:   00007ffa00000000 0000000000000000
0x00000033924ff728:   000001390a0b62d0 0000000000000000
0x00000033924ff738:   0000000000000000 00000033924ff800
0x00000033924ff748:   00007ffa022fdfc0 000001390a0b62d0 

Instructions: (pc=0x00007ffa01cd2191)
0x00007ffa01cd2091:   74 32 0f 10 83 70 03 00 00 48 8b 07 48 8d 54 24
0x00007ffa01cd20a1:   20 48 8b cf 0f 29 44 24 20 ff 50 40 33 c0 48 89
0x00007ffa01cd20b1:   44 24 20 48 89 44 24 28 0f 10 44 24 20 0f 11 83
0x00007ffa01cd20c1:   70 03 00 00 48 8b 5c 24 40 48 83 c4 30 5f c3 48
0x00007ffa01cd20d1:   8b 49 40 48 8b 01 48 ff 60 28 cc cc cc cc cc 80
0x00007ffa01cd20e1:   3d fa 0e 90 00 00 48 8b c1 74 1b 8b 51 08 8b 0d
0x00007ffa01cd20f1:   2b 99 87 00 48 d3 e2 48 8b c8 48 03 15 16 99 87
0x00007ffa01cd2101:   00 e9 19 00 00 00 48 8b 51 08 48 8b c8 e9 0d 00
0x00007ffa01cd2111:   00 00 cc cc cc cc cc cc cc cc cc cc cc cc cc 4c
0x00007ffa01cd2121:   8b ca 48 8b d1 45 8b 41 08 45 85 c0 7e 0e 41 f6
0x00007ffa01cd2131:   c0 01 75 56 41 c1 f8 03 41 8b c0 c3 79 4c 80 3d
0x00007ffa01cd2141:   9b 0e 90 00 00 b8 0c 00 00 00 b9 10 00 00 00 0f
0x00007ffa01cd2151:   45 c8 8b 05 9b a8 87 00 ff c8 4c 63 c8 48 63 14
0x00007ffa01cd2161:   11 41 8b c8 83 e1 3f 48 d3 e2 41 8b c8 48 c1 f9
0x00007ffa01cd2171:   10 0f b6 c1 49 8d 0c 11 49 f7 d1 48 03 c1 49 c1
0x00007ffa01cd2181:   e9 03 48 c1 e8 03 41 23 c1 c3 49 8b 01 49 8b c9
0x00007ffa01cd2191:   48 ff a0 f0 00 00 00 cc cc cc cc cc cc cc cc 48
0x00007ffa01cd21a1:   83 ec 38 0f 10 02 48 8b 49 40 48 8d 54 24 20 0f
0x00007ffa01cd21b1:   29 44 24 20 e8 16 f3 ff ff 48 83 c4 38 c3 cc 48
0x00007ffa01cd21c1:   83 ec 38 0f 10 02 48 8b 01 48 8d 54 24 20 0f 29
0x00007ffa01cd21d1:   44 24 20 ff 50 38 48 83 c4 38 c3 cc cc cc cc 48
0x00007ffa01cd21e1:   89 5c 24 08 55 56 57 41 54 41 55 41 56 41 57 48
0x00007ffa01cd21f1:   8d 6c 24 e0 48 81 ec 20 01 00 00 48 8b 05 15 dc
0x00007ffa01cd2201:   8a 00 48 33 c4 48 89 45 10 48 8b 05 4f 18 8d 00
0x00007ffa01cd2211:   45 33 ed 4c 8b b5 80 00 00 00 4c 8b fa 48 8b bd
0x00007ffa01cd2221:   88 00 00 00 4d 8b c6 49 8b d6 49 8b f1 48 8b 48
0x00007ffa01cd2231:   40 48 8b 59 48 49 8b cf c7 45 c0 ff ff ff ff 44
0x00007ffa01cd2241:   89 6d d4 4c 89 6d d8 44 88 6d e0 c7 45 e8 ff ff
0x00007ffa01cd2251:   ff ff 44 89 6d fc 4c 89 6d 00 44 88 6d 08 e8 4c
0x00007ffa01cd2261:   d2 f4 ff 41 b1 01 4c 8d 45 e8 41 8d 55 04 49 8b
0x00007ffa01cd2271:   cf e8 09 3e f3 ff 48 8b 05 32 7a 75 00 4c 8d 25
0x00007ffa01cd2281:   83 a7 65 00 48 89 44 24 30 4c 8d 44 24 70 0f b6 


Stack slot to memory mapping:
stack at sp + 0 slots: 0x00007ffa01df0722 jvm.dll
stack at sp + 1 slots: 0x00000008003c5580 is pointing into metadata
stack at sp + 2 slots: 0x00000033924ff6f0 points into unknown readable memory: 0x00007ffa023d5cb0 | b0 5c 3d 02 fa 7f 00 00
stack at sp + 3 slots: 0x0000000084ca6e88 is an oop: java.lang.String 
{0x0000000084ca6e88} - klass: 'java/lang/String'
stack at sp + 4 slots: 0x0000000084ca6ea0 is an oop: [I 
{0x0000000084ca6ea0} - klass: {type array int}
 - length: 16
stack at sp + 5 slots: 0x00007ffa0254c4c0 jvm.dll
stack at sp + 6 slots: 0x00000033924ff6f0 points into unknown readable memory: 0x00007ffa023d5cb0 | b0 5c 3d 02 fa 7f 00 00
stack at sp + 7 slots: 0x000001390a0a5350 points into unknown readable memory: 0x000001390a0a59a0 | a0 59 0a 0a 39 01 00 00


---------------  P R O C E S S  ---------------

Threads class SMR info:
_java_thread_list=0x000001392afaa8d0, length=30, elements={
0x000001390a061e00, 0x000001392821fe20, 0x0000013928228950, 0x0000013928233960,
0x0000013928236230, 0x0000013928237c00, 0x00000139282388f0, 0x0000013928289cd0,
0x000001392828c1f0, 0x0000013928c82ff0, 0x0000013928c91110, 0x00000139295d5660,
0x000001392955a450, 0x0000013929558c40, 0x0000013929559110, 0x00000139295595e0,
0x0000013929559ab0, 0x000001392955bc60, 0x000001392a0a5810, 0x000001392a0a1980,
0x000001392a0a3b30, 0x000001392a0a1e50, 0x000001392a0a27f0, 0x000001392a0a3660,
0x000001392a0a0b10, 0x000001392a0a5ce0, 0x000001392a0a6680, 0x000001392a0a0fe0,
0x000001392a0a2cc0, 0x000001392a4f54b0
}

Java Threads: ( => current thread )
  0x000001390a061e00 JavaThread "main" [_thread_in_vm, id=11028, stack(0x0000003392100000,0x0000003392200000)]
  0x000001392821fe20 JavaThread "Reference Handler" daemon [_thread_blocked, id=10116, stack(0x0000003392800000,0x0000003392900000)]
  0x0000013928228950 JavaThread "Finalizer" daemon [_thread_blocked, id=260, stack(0x0000003392900000,0x0000003392a00000)]
  0x0000013928233960 JavaThread "Signal Dispatcher" daemon [_thread_blocked, id=2504, stack(0x0000003392a00000,0x0000003392b00000)]
  0x0000013928236230 JavaThread "Attach Listener" daemon [_thread_blocked, id=2040, stack(0x0000003392b00000,0x0000003392c00000)]
  0x0000013928237c00 JavaThread "Service Thread" daemon [_thread_blocked, id=3876, stack(0x0000003392c00000,0x0000003392d00000)]
  0x00000139282388f0 JavaThread "C2 CompilerThread0" daemon [_thread_in_native, id=3044, stack(0x0000003392d00000,0x0000003392e00000)]
  0x0000013928289cd0 JavaThread "C1 CompilerThread0" daemon [_thread_in_native, id=9280, stack(0x0000003392e00000,0x0000003392f00000)]
  0x000001392828c1f0 JavaThread "Sweeper thread" daemon [_thread_blocked, id=700, stack(0x0000003392f00000,0x0000003393000000)]
  0x0000013928c82ff0 JavaThread "Notification Thread" daemon [_thread_blocked, id=9620, stack(0x0000003393000000,0x0000003393100000)]
  0x0000013928c91110 JavaThread "Common-Cleaner" daemon [_thread_blocked, id=4816, stack(0x0000003393200000,0x0000003393300000)]
  0x00000139295d5660 JavaThread "ReaderThread" [_thread_in_native, id=11084, stack(0x0000003393400000,0x0000003393500000)]
  0x000001392955a450 JavaThread "Catalina-utility-1" [_thread_blocked, id=10944, stack(0x0000003393900000,0x0000003393a00000)]
  0x0000013929558c40 JavaThread "Catalina-utility-2" [_thread_blocked, id=8508, stack(0x0000003393a00000,0x0000003393b00000)]
  0x0000013929559110 JavaThread "container-0" [_thread_blocked, id=10880, stack(0x0000003393b00000,0x0000003393c00000)]
  0x00000139295595e0 JavaThread "mysql-cj-abandoned-connection-cleanup" daemon [_thread_blocked, id=3520, stack(0x0000003393c00000,0x0000003393d00000)]
  0x0000013929559ab0 JavaThread "HikariPool-1 housekeeper" daemon [_thread_blocked, id=5232, stack(0x0000003393d00000,0x0000003393e00000)]
  0x000001392955bc60 JavaThread "http-nio-auto-1-exec-1" daemon [_thread_blocked, id=3400, stack(0x0000003393e00000,0x0000003393f00000)]
  0x000001392a0a5810 JavaThread "http-nio-auto-1-exec-2" daemon [_thread_blocked, id=11104, stack(0x0000003394100000,0x0000003394200000)]
  0x000001392a0a1980 JavaThread "http-nio-auto-1-exec-3" daemon [_thread_blocked, id=10008, stack(0x0000003394200000,0x0000003394300000)]
  0x000001392a0a3b30 JavaThread "http-nio-auto-1-exec-4" daemon [_thread_blocked, id=632, stack(0x0000003394300000,0x0000003394400000)]
  0x000001392a0a1e50 JavaThread "http-nio-auto-1-exec-5" daemon [_thread_blocked, id=10356, stack(0x0000003394400000,0x0000003394500000)]
  0x000001392a0a27f0 JavaThread "http-nio-auto-1-exec-6" daemon [_thread_blocked, id=9568, stack(0x0000003394500000,0x0000003394600000)]
  0x000001392a0a3660 JavaThread "http-nio-auto-1-exec-7" daemon [_thread_blocked, id=3064, stack(0x0000003394600000,0x0000003394700000)]
  0x000001392a0a0b10 JavaThread "http-nio-auto-1-exec-8" daemon [_thread_blocked, id=9236, stack(0x0000003394700000,0x0000003394800000)]
  0x000001392a0a5ce0 JavaThread "http-nio-auto-1-exec-9" daemon [_thread_blocked, id=11100, stack(0x0000003394800000,0x0000003394900000)]
  0x000001392a0a6680 JavaThread "http-nio-auto-1-exec-10" daemon [_thread_blocked, id=4280, stack(0x0000003394900000,0x0000003394a00000)]
  0x000001392a0a0fe0 JavaThread "http-nio-auto-1-Poller" daemon [_thread_in_native, id=1984, stack(0x0000003394b00000,0x0000003394c00000)]
  0x000001392a0a2cc0 JavaThread "http-nio-auto-1-Acceptor" daemon [_thread_in_native, id=5612, stack(0x0000003394c00000,0x0000003394d00000)]
  0x000001392a4f54b0 JavaThread "C2 CompilerThread1" daemon [_thread_in_native, id=4760, stack(0x0000003393800000,0x0000003393900000)]

Other Threads:
  0x000001392821c680 VMThread "VM Thread" [stack: 0x0000003392700000,0x0000003392800000] [id=11124]
  0x0000013928c834c0 WatcherThread [stack: 0x0000003393100000,0x0000003393200000] [id=8548]
  0x000001390a0a2b90 GCTaskThread "GC Thread#0" [stack: 0x0000003392200000,0x0000003392300000] [id=4092]
  0x00000139296319d0 GCTaskThread "GC Thread#1" [stack: 0x0000003393300000,0x0000003393400000] [id=8804]
  0x0000013929630d10 GCTaskThread "GC Thread#2" [stack: 0x0000003393500000,0x0000003393600000] [id=1208]
  0x0000013929630380 GCTaskThread "GC Thread#3" [stack: 0x0000003393600000,0x0000003393700000] [id=9180]
  0x000001390a0b57d0 ConcurrentGCThread "G1 Main Marker" [stack: 0x0000003392300000,0x0000003392400000] [id=6976]
=>0x000001390a0b62d0 ConcurrentGCThread "G1 Conc#0" [stack: 0x0000003392400000,0x0000003392500000] [id=7972]
  0x000001390a12cd80 ConcurrentGCThread "G1 Refine#0" [stack: 0x0000003392500000,0x0000003392600000] [id=9636]
  0x00000139296cf0d0 ConcurrentGCThread "G1 Refine#1" [stack: 0x0000003393700000,0x0000003393800000] [id=10004]
  0x000001392b59a990 ConcurrentGCThread "G1 Refine#2" [stack: 0x0000003394a00000,0x0000003394b00000] [id=8920]
  0x000001392b5991f0 ConcurrentGCThread "G1 Refine#3" [stack: 0x0000003394d00000,0x0000003394e00000] [id=5012]
  0x000001390a12d890 ConcurrentGCThread "G1 Young RemSet Sampling" [stack: 0x0000003392600000,0x0000003392700000] [id=10400]

Threads with active compile tasks:
C2 CompilerThread0    56513 5868       4       jdk.internal.module.SystemModuleFinders$SystemModuleReader::findImageLocation (42 bytes)
C1 CompilerThread0    56513 5874       3       java.net.URLStreamHandler::parseURL (1201 bytes)
C2 CompilerThread1    56513 5867  s    4       jdk.internal.jimage.BasicImageReader::findLocation (115 bytes)

VM state: not at safepoint (normal execution)

VM Mutex/Monitor currently owned by a thread: None

Heap address: 0x0000000082200000, size: 2014 MB, Compressed Oops mode: 32-bit
CDS archive(s) mapped at: [0x0000000800000000-0x0000000800b50000-0x0000000800b50000), size 11862016, SharedBaseAddress: 0x0000000800000000, ArchiveRelocationMode: 0.
Compressed class space mapped at: 0x0000000800b50000-0x0000000840b50000, size: 1073741824
Narrow klass base: 0x0000000800000000, Narrow klass shift: 3, Narrow klass range: 0x100000000

GC Precious Log:
 CPUs: 4 total, 4 available
 Memory: 8052M
 Large Page Support: Disabled
 NUMA Support: Disabled
 Compressed Oops: Enabled (32-bit)
 Heap Region Size: 1M
 Heap Min Capacity: 8M
 Heap Initial Capacity: 126M
 Heap Max Capacity: 2014M
 Pre-touch: Disabled
 Parallel Workers: 4
 Concurrent Workers: 1
 Concurrent Refinement Workers: 4
 Periodic GC: Disabled

Heap:
 garbage-first heap   total 61440K, used 33913K [0x0000000082200000, 0x0000000100000000)
  region size 1024K, 3 young (3072K), 2 survivors (2048K)
 Metaspace       used 66879K, capacity 67493K, committed 67712K, reserved 1107968K
  class space    used 8863K, capacity 9059K, committed 9088K, reserved 1048576K

Heap Regions: E=young(eden), S=young(survivor), O=old, HS=humongous(starts), HC=humongous(continues), CS=collection set, F=free, OA=open archive, CA=closed archive, TAMS=top-at-mark-start (previous, next)
|   0|0x0000000082200000, 0x0000000082300000, 0x0000000082300000|100%|HS|  |TAMS 0x0000000082300000, 0x0000000082300000| Complete 
|   1|0x0000000082300000, 0x0000000082400000, 0x0000000082400000|100%| O|  |TAMS 0x0000000082400000, 0x0000000082400000| Untracked 
|   2|0x0000000082400000, 0x0000000082500000, 0x0000000082500000|100%| O|  |TAMS 0x0000000082500000, 0x0000000082500000| Untracked 
|   3|0x0000000082500000, 0x0000000082600000, 0x0000000082600000|100%| O|  |TAMS 0x0000000082600000, 0x0000000082600000| Untracked 
|   4|0x0000000082600000, 0x0000000082700000, 0x0000000082700000|100%| O|  |TAMS 0x0000000082700000, 0x0000000082700000| Untracked 
|   5|0x0000000082700000, 0x0000000082700000, 0x0000000082800000|  0%| F|  |TAMS 0x0000000082700000, 0x0000000082700000| Untracked 
|   6|0x0000000082800000, 0x0000000082900000, 0x0000000082900000|100%| O|  |TAMS 0x0000000082900000, 0x0000000082900000| Untracked 
|   7|0x0000000082900000, 0x0000000082900000, 0x0000000082a00000|  0%| F|  |TAMS 0x0000000082900000, 0x0000000082900000| Untracked 
|   8|0x0000000082a00000, 0x0000000082b00000, 0x0000000082b00000|100%| O|  |TAMS 0x0000000082b00000, 0x0000000082b00000| Untracked 
|   9|0x0000000082b00000, 0x0000000082c00000, 0x0000000082c00000|100%| O|  |TAMS 0x0000000082c00000, 0x0000000082c00000| Untracked 
|  10|0x0000000082c00000, 0x0000000082d00000, 0x0000000082d00000|100%| O|  |TAMS 0x0000000082d00000, 0x0000000082d00000| Untracked 
|  11|0x0000000082d00000, 0x0000000082d00000, 0x0000000082e00000|  0%| F|  |TAMS 0x0000000082d00000, 0x0000000082d00000| Untracked 
|  12|0x0000000082e00000, 0x0000000082f00000, 0x0000000082f00000|100%| O|  |TAMS 0x0000000082f00000, 0x0000000082f00000| Untracked 
|  13|0x0000000082f00000, 0x0000000082f00000, 0x0000000083000000|  0%| F|  |TAMS 0x0000000082f00000, 0x0000000082f00000| Untracked 
|  14|0x0000000083000000, 0x0000000083100000, 0x0000000083100000|100%| O|  |TAMS 0x0000000083100000, 0x0000000083100000| Untracked 
|  15|0x0000000083100000, 0x0000000083200000, 0x0000000083200000|100%| O|  |TAMS 0x0000000083200000, 0x0000000083200000| Untracked 
|  16|0x0000000083200000, 0x0000000083300000, 0x0000000083300000|100%| O|  |TAMS 0x0000000083300000, 0x0000000083300000| Untracked 
|  17|0x0000000083300000, 0x0000000083300000, 0x0000000083400000|  0%| F|  |TAMS 0x0000000083300000, 0x0000000083300000| Untracked 
|  18|0x0000000083400000, 0x0000000083500000, 0x0000000083500000|100%| O|  |TAMS 0x0000000083500000, 0x0000000083500000| Untracked 
|  19|0x0000000083500000, 0x0000000083500000, 0x0000000083600000|  0%| F|  |TAMS 0x0000000083500000, 0x0000000083500000| Untracked 
|  20|0x0000000083600000, 0x0000000083700000, 0x0000000083700000|100%| O|  |TAMS 0x0000000083700000, 0x0000000083700000| Untracked 
|  21|0x0000000083700000, 0x0000000083800000, 0x0000000083800000|100%| O|  |TAMS 0x0000000083800000, 0x0000000083800000| Untracked 
|  22|0x0000000083800000, 0x0000000083900000, 0x0000000083900000|100%| O|  |TAMS 0x0000000083900000, 0x0000000083900000| Untracked 
|  23|0x0000000083900000, 0x0000000083a00000, 0x0000000083a00000|100%| O|  |TAMS 0x0000000083a00000, 0x0000000083a00000| Untracked 
|  24|0x0000000083a00000, 0x0000000083b00000, 0x0000000083b00000|100%| O|  |TAMS 0x0000000083b00000, 0x0000000083b00000| Untracked 
|  25|0x0000000083b00000, 0x0000000083c00000, 0x0000000083c00000|100%| O|  |TAMS 0x0000000083c00000, 0x0000000083c00000| Untracked 
|  26|0x0000000083c00000, 0x0000000083d00000, 0x0000000083d00000|100%| O|  |TAMS 0x0000000083d00000, 0x0000000083d00000| Untracked 
|  27|0x0000000083d00000, 0x0000000083e00000, 0x0000000083e00000|100%| O|  |TAMS 0x0000000083e00000, 0x0000000083e00000| Untracked 
|  28|0x0000000083e00000, 0x0000000083f00000, 0x0000000083f00000|100%| O|  |TAMS 0x0000000083e79200, 0x0000000083f00000| Untracked 
|  29|0x0000000083f00000, 0x0000000084000000, 0x0000000084000000|100%| O|  |TAMS 0x0000000083f00000, 0x0000000084000000| Untracked 
|  30|0x0000000084000000, 0x0000000084100000, 0x0000000084100000|100%| O|  |TAMS 0x0000000084000000, 0x0000000084100000| Untracked 
|  31|0x0000000084100000, 0x0000000084200000, 0x0000000084200000|100%| O|  |TAMS 0x0000000084100000, 0x0000000084200000| Untracked 
|  32|0x0000000084200000, 0x0000000084300000, 0x0000000084300000|100%| O|  |TAMS 0x0000000084200000, 0x0000000084300000| Untracked 
|  33|0x0000000084300000, 0x0000000084400000, 0x0000000084400000|100%| O|  |TAMS 0x0000000084300000, 0x0000000084400000| Untracked 
|  34|0x0000000084400000, 0x0000000084500000, 0x0000000084500000|100%| O|  |TAMS 0x0000000084400000, 0x0000000084500000| Untracked 
|  35|0x0000000084500000, 0x0000000084600000, 0x0000000084600000|100%| O|  |TAMS 0x0000000084500000, 0x0000000084600000| Untracked 
|  36|0x0000000084600000, 0x0000000084700000, 0x0000000084700000|100%| O|  |TAMS 0x0000000084600000, 0x0000000084700000| Untracked 
|  37|0x0000000084700000, 0x0000000084800000, 0x0000000084800000|100%| O|  |TAMS 0x0000000084700000, 0x0000000084800000| Untracked 
|  38|0x0000000084800000, 0x0000000084800000, 0x0000000084900000|  0%| F|  |TAMS 0x0000000084800000, 0x0000000084800000| Untracked 
|  39|0x0000000084900000, 0x0000000084900000, 0x0000000084a00000|  0%| F|  |TAMS 0x0000000084900000, 0x0000000084900000| Untracked 
|  40|0x0000000084a00000, 0x0000000084a00000, 0x0000000084b00000|  0%| F|  |TAMS 0x0000000084a00000, 0x0000000084a00000| Untracked 
|  41|0x0000000084b00000, 0x0000000084b1e5a0, 0x0000000084c00000| 11%| S|CS|TAMS 0x0000000084b00000, 0x0000000084b00000| Complete 
|  42|0x0000000084c00000, 0x0000000084d00000, 0x0000000084d00000|100%| S|CS|TAMS 0x0000000084c00000, 0x0000000084c00000| Complete 
|  43|0x0000000084d00000, 0x0000000084d00000, 0x0000000084e00000|  0%| F|  |TAMS 0x0000000084d00000, 0x0000000084d00000| Untracked 
|  44|0x0000000084e00000, 0x0000000084e00000, 0x0000000084f00000|  0%| F|  |TAMS 0x0000000084e00000, 0x0000000084e00000| Untracked 
|  45|0x0000000084f00000, 0x0000000084f00000, 0x0000000085000000|  0%| F|  |TAMS 0x0000000084f00000, 0x0000000084f00000| Untracked 
|  46|0x0000000085000000, 0x0000000085000000, 0x0000000085100000|  0%| F|  |TAMS 0x0000000085000000, 0x0000000085000000| Untracked 
|  47|0x0000000085100000, 0x0000000085100000, 0x0000000085200000|  0%| F|  |TAMS 0x0000000085100000, 0x0000000085100000| Untracked 
|  48|0x0000000085200000, 0x0000000085200000, 0x0000000085300000|  0%| F|  |TAMS 0x0000000085200000, 0x0000000085200000| Untracked 
|  49|0x0000000085300000, 0x0000000085300000, 0x0000000085400000|  0%| F|  |TAMS 0x0000000085300000, 0x0000000085300000| Untracked 
|  50|0x0000000085400000, 0x0000000085400000, 0x0000000085500000|  0%| F|  |TAMS 0x0000000085400000, 0x0000000085400000| Untracked 
|  51|0x0000000085500000, 0x0000000085500000, 0x0000000085600000|  0%| F|  |TAMS 0x0000000085500000, 0x0000000085500000| Untracked 
|  52|0x0000000085600000, 0x0000000085600000, 0x0000000085700000|  0%| F|  |TAMS 0x0000000085600000, 0x0000000085600000| Untracked 
|  98|0x0000000088400000, 0x0000000088400000, 0x0000000088500000|  0%| F|  |TAMS 0x0000000088400000, 0x0000000088400000| Untracked 
|  99|0x0000000088500000, 0x0000000088500000, 0x0000000088600000|  0%| F|  |TAMS 0x0000000088500000, 0x0000000088500000| Untracked 
| 100|0x0000000088600000, 0x0000000088600000, 0x0000000088700000|  0%| F|  |TAMS 0x0000000088600000, 0x0000000088600000| Untracked 
| 101|0x0000000088700000, 0x0000000088700000, 0x0000000088800000|  0%| F|  |TAMS 0x0000000088700000, 0x0000000088700000| Untracked 
| 102|0x0000000088800000, 0x0000000088800000, 0x0000000088900000|  0%| F|  |TAMS 0x0000000088800000, 0x0000000088800000| Untracked 
| 103|0x0000000088900000, 0x0000000088900000, 0x0000000088a00000|  0%| F|  |TAMS 0x0000000088900000, 0x0000000088900000| Untracked 
| 125|0x0000000089f00000, 0x0000000089f50410, 0x000000008a000000| 31%| E|  |TAMS 0x0000000089f00000, 0x0000000089f00000| Complete 

Card table byte_map: [0x0000013921680000,0x0000013921a70000] _byte_map_base: 0x000001392126f000

Marking Bits (Prev, Next): (CMBitMap*) 0x000001390a0a52b0, (CMBitMap*) 0x000001390a0a52f0
 Prev Bits: [0x0000013921e60000, 0x0000013923dd8000)
 Next Bits: [0x0000013923de0000, 0x0000013925d58000)

Polling page: 0x0000013908040000

Metaspace:

Usage:
  Non-class:     57.06 MB capacity,    56.66 MB (>99%) used,   331.11 KB ( <1%) free+waste,    87.56 KB ( <1%) overhead. 
      Class:      8.85 MB capacity,     8.66 MB ( 98%) used,   161.45 KB (  2%) free+waste,    33.75 KB ( <1%) overhead. 
       Both:     65.91 MB capacity,    65.31 MB (>99%) used,   492.56 KB ( <1%) free+waste,   121.31 KB ( <1%) overhead. 

Virtual space:
  Non-class space:       58.00 MB reserved,      57.25 MB ( 99%) committed 
      Class space:        1.00 GB reserved,       8.88 MB ( <1%) committed 
             Both:        1.06 GB reserved,      66.12 MB (  6%) committed 

Chunk freelists:
   Non-Class:  62.00 KB
       Class:  29.00 KB
        Both:  91.00 KB

MaxMetaspaceSize: 17179869184.00 GB
CompressedClassSpaceSize: 1.00 GB

CodeHeap 'non-profiled nmethods': size=120000Kb used=3843Kb max_used=3843Kb free=116156Kb
 bounds [0x0000013919d60000, 0x000001391a130000, 0x0000013921290000]
CodeHeap 'profiled nmethods': size=120000Kb used=10400Kb max_used=10400Kb free=109599Kb
 bounds [0x0000013912830000, 0x0000013913260000, 0x0000013919d60000]
CodeHeap 'non-nmethods': size=5760Kb used=1322Kb max_used=1378Kb free=4437Kb
 bounds [0x0000013912290000, 0x0000013912500000, 0x0000013912830000]
 total_blobs=5702 nmethods=5087 adapters=527
 compilation: enabled
              stopped_count=0, restarted_count=0
 full_count=0

Compilation events (20 events):
Event: 56.009 Thread 0x00000139282388f0 nmethod 5861 0x000001391a119c90 code [0x000001391a119e40, 0x000001391a11a3c8]
Event: 56.013 Thread 0x00000139282388f0 5862       4       sun.reflect.generics.parser.SignatureParser::parseFieldTypeSignature (73 bytes)
Event: 56.018 Thread 0x0000013928289cd0 5863       3       java.lang.reflect.ProxyGenerator::generateStaticInitializer (342 bytes)
Event: 56.022 Thread 0x0000013928289cd0 nmethod 5863 0x000001391324e010 code [0x000001391324e460, 0x0000013913250848]
Event: 56.037 Thread 0x0000013928289cd0 5865       3       java.lang.reflect.Method::getParameterAnnotations (13 bytes)
Event: 56.038 Thread 0x0000013928289cd0 nmethod 5865 0x0000013913251010 code [0x00000139132511c0, 0x0000013913251388]
Event: 56.049 Thread 0x0000013928289cd0 5866       3       jdk.internal.module.SystemModuleFinders$SystemModuleReader::find (54 bytes)
Event: 56.052 Thread 0x0000013928289cd0 nmethod 5866 0x0000013913251410 code [0x00000139132516c0, 0x0000013913252198]
Event: 56.112 Thread 0x000001392a4f54b0 nmethod 5826% 0x000001391a11a790 code [0x000001391a11a9e0, 0x000001391a11d760]
Event: 56.113 Thread 0x000001392a4f54b0 5867  s    4       jdk.internal.jimage.BasicImageReader::findLocation (115 bytes)
Event: 56.132 Thread 0x00000139282388f0 nmethod 5862 0x000001391a11e690 code [0x000001391a11e940, 0x000001391a11fcb8]
Event: 56.132 Thread 0x00000139282388f0 5868       4       jdk.internal.module.SystemModuleFinders$SystemModuleReader::findImageLocation (42 bytes)
Event: 56.137 Thread 0x0000013928289cd0 5869       3       org.springframework.aop.support.AopUtils::isAopProxy (38 bytes)
Event: 56.142 Thread 0x0000013928289cd0 nmethod 5869 0x0000013913252590 code [0x00000139132528c0, 0x0000013913253ec8]
Event: 56.142 Thread 0x0000013928289cd0 5870       1       org.mockito.internal.configuration.plugins.PluginRegistry::getMockResolvers (5 bytes)
Event: 56.143 Thread 0x0000013928289cd0 nmethod 5870 0x000001391a120990 code [0x000001391a120b20, 0x000001391a120bd8]
Event: 56.218 Thread 0x0000013928289cd0 5872       3       java.lang.ClassLoader::defineClass (43 bytes)
Event: 56.220 Thread 0x0000013928289cd0 nmethod 5872 0x0000013913254510 code [0x0000013913254700, 0x0000013913254bf8]
Event: 56.227 Thread 0x0000013928289cd0 5873       3       java.util.regex.Pattern::range (294 bytes)
Event: 56.236 Thread 0x0000013928289cd0 nmethod 5873 0x0000013913254e90 code [0x0000013913255340, 0x0000013913257778]

GC Heap History (20 events):
Event: 33.425 GC heap before
{Heap before GC invocations=15 (full 0):
 garbage-first heap   total 61440K, used 47817K [0x0000000082200000, 0x0000000100000000)
  region size 1024K, 29 young (29696K), 4 survivors (4096K)
 Metaspace       used 48220K, capacity 48616K, committed 48768K, reserved 1091584K
  class space    used 6249K, capacity 6421K, committed 6528K, reserved 1048576K
}
Event: 33.442 GC heap after
{Heap after GC invocations=16 (full 0):
 garbage-first heap   total 61440K, used 24188K [0x0000000082200000, 0x0000000100000000)
  region size 1024K, 4 young (4096K), 4 survivors (4096K)
 Metaspace       used 48220K, capacity 48616K, committed 48768K, reserved 1091584K
  class space    used 6249K, capacity 6421K, committed 6528K, reserved 1048576K
}
Event: 35.835 GC heap before
{Heap before GC invocations=16 (full 0):
 garbage-first heap   total 61440K, used 47740K [0x0000000082200000, 0x0000000100000000)
  region size 1024K, 27 young (27648K), 4 survivors (4096K)
 Metaspace       used 53443K, capacity 53904K, committed 54144K, reserved 1095680K
  class space    used 7057K, capacity 7237K, committed 7296K, reserved 1048576K
}
Event: 35.849 GC heap after
{Heap after GC invocations=17 (full 0):
 garbage-first heap   total 61440K, used 25286K [0x0000000082200000, 0x0000000100000000)
  region size 1024K, 3 young (3072K), 3 survivors (3072K)
 Metaspace       used 53443K, capacity 53904K, committed 54144K, reserved 1095680K
  class space    used 7057K, capacity 7237K, committed 7296K, reserved 1048576K
}
Event: 38.370 GC heap before
{Heap before GC invocations=17 (full 0):
 garbage-first heap   total 61440K, used 48838K [0x0000000082200000, 0x0000000100000000)
  region size 1024K, 26 young (26624K), 3 survivors (3072K)
 Metaspace       used 56380K, capacity 56819K, committed 57088K, reserved 1099776K
  class space    used 7422K, capacity 7590K, committed 7680K, reserved 1048576K
}
Event: 38.387 GC heap after
{Heap after GC invocations=18 (full 0):
 garbage-first heap   total 61440K, used 26999K [0x0000000082200000, 0x0000000100000000)
  region size 1024K, 4 young (4096K), 4 survivors (4096K)
 Metaspace       used 56380K, capacity 56819K, committed 57088K, reserved 1099776K
  class space    used 7422K, capacity 7590K, committed 7680K, reserved 1048576K
}
Event: 40.484 GC heap before
{Heap before GC invocations=18 (full 0):
 garbage-first heap   total 61440K, used 49527K [0x0000000082200000, 0x0000000100000000)
  region size 1024K, 26 young (26624K), 4 survivors (4096K)
 Metaspace       used 57859K, capacity 58324K, committed 58496K, reserved 1099776K
  class space    used 7611K, capacity 7790K, committed 7808K, reserved 1048576K
}
Event: 40.503 GC heap after
{Heap after GC invocations=19 (full 0):
 garbage-first heap   total 61440K, used 28042K [0x0000000082200000, 0x0000000100000000)
  region size 1024K, 3 young (3072K), 3 survivors (3072K)
 Metaspace       used 57859K, capacity 58324K, committed 58496K, reserved 1099776K
  class space    used 7611K, capacity 7790K, committed 7808K, reserved 1048576K
}
Event: 45.172 GC heap before
{Heap before GC invocations=19 (full 0):
 garbage-first heap   total 61440K, used 48522K [0x0000000082200000, 0x0000000100000000)
  region size 1024K, 24 young (24576K), 3 survivors (3072K)
 Metaspace       used 59644K, capacity 60093K, committed 60160K, reserved 1101824K
  class space    used 7859K, capacity 8016K, committed 8064K, reserved 1048576K
}
Event: 45.192 GC heap after
{Heap after GC invocations=20 (full 0):
 garbage-first heap   total 61440K, used 29506K [0x0000000082200000, 0x0000000100000000)
  region size 1024K, 3 young (3072K), 3 survivors (3072K)
 Metaspace       used 59644K, capacity 60093K, committed 60160K, reserved 1101824K
  class space    used 7859K, capacity 8016K, committed 8064K, reserved 1048576K
}
Event: 48.717 GC heap before
{Heap before GC invocations=21 (full 0):
 garbage-first heap   total 61440K, used 48962K [0x0000000082200000, 0x0000000100000000)
  region size 1024K, 22 young (22528K), 3 survivors (3072K)
 Metaspace       used 60524K, capacity 61027K, committed 61184K, reserved 1101824K
  class space    used 7995K, capacity 8195K, committed 8320K, reserved 1048576K
}
Event: 48.736 GC heap after
{Heap after GC invocations=22 (full 0):
 garbage-first heap   total 61440K, used 31250K [0x0000000082200000, 0x0000000100000000)
  region size 1024K, 3 young (3072K), 3 survivors (3072K)
 Metaspace       used 60524K, capacity 61027K, committed 61184K, reserved 1101824K
  class space    used 7995K, capacity 8195K, committed 8320K, reserved 1048576K
}
Event: 50.899 GC heap before
{Heap before GC invocations=22 (full 0):
 garbage-first heap   total 61440K, used 49682K [0x0000000082200000, 0x0000000100000000)
  region size 1024K, 21 young (21504K), 3 survivors (3072K)
 Metaspace       used 61848K, capacity 62383K, committed 62464K, reserved 1103872K
  class space    used 8181K, capacity 8391K, committed 8448K, reserved 1048576K
}
Event: 50.920 GC heap after
{Heap after GC invocations=23 (full 0):
 garbage-first heap   total 61440K, used 33222K [0x0000000082200000, 0x0000000100000000)
  region size 1024K, 2 young (2048K), 2 survivors (2048K)
 Metaspace       used 61848K, capacity 62383K, committed 62464K, reserved 1103872K
  class space    used 8181K, capacity 8391K, committed 8448K, reserved 1048576K
}
Event: 53.029 GC heap before
{Heap before GC invocations=24 (full 0):
 garbage-first heap   total 61440K, used 49606K [0x0000000082200000, 0x0000000100000000)
  region size 1024K, 18 young (18432K), 2 survivors (2048K)
 Metaspace       used 62578K, capacity 63145K, committed 63360K, reserved 1103872K
  class space    used 8270K, capacity 8468K, committed 8576K, reserved 1048576K
}
Event: 53.047 GC heap after
{Heap after GC invocations=25 (full 0):
 garbage-first heap   total 61440K, used 35251K [0x0000000082200000, 0x0000000100000000)
  region size 1024K, 2 young (2048K), 2 survivors (2048K)
 Metaspace       used 62578K, capacity 63145K, committed 63360K, reserved 1103872K
  class space    used 8270K, capacity 8468K, committed 8576K, reserved 1048576K
}
Event: 53.308 GC heap before
{Heap before GC invocations=25 (full 0):
 garbage-first heap   total 61440K, used 36275K [0x0000000082200000, 0x0000000100000000)
  region size 1024K, 3 young (3072K), 2 survivors (2048K)
 Metaspace       used 62961K, capacity 63500K, committed 63616K, reserved 1103872K
  class space    used 8324K, capacity 8501K, committed 8576K, reserved 1048576K
}
Event: 53.344 GC heap after
{Heap after GC invocations=26 (full 0):
 garbage-first heap   total 61440K, used 33136K [0x0000000082200000, 0x0000000100000000)
  region size 1024K, 1 young (1024K), 1 survivors (1024K)
 Metaspace       used 62961K, capacity 63500K, committed 63616K, reserved 1103872K
  class space    used 8324K, capacity 8501K, committed 8576K, reserved 1048576K
}
Event: 56.294 GC heap before
{Heap before GC invocations=26 (full 0):
 garbage-first heap   total 61440K, used 48496K [0x0000000082200000, 0x0000000100000000)
  region size 1024K, 17 young (17408K), 1 survivors (1024K)
 Metaspace       used 66715K, capacity 67365K, committed 67456K, reserved 1107968K
  class space    used 8846K, capacity 9059K, committed 9088K, reserved 1048576K
}
Event: 56.307 GC heap after
{Heap after GC invocations=27 (full 0):
 garbage-first heap   total 61440K, used 33913K [0x0000000082200000, 0x0000000100000000)
  region size 1024K, 2 young (2048K), 2 survivors (2048K)
 Metaspace       used 66715K, capacity 67365K, committed 67456K, reserved 1107968K
  class space    used 8846K, capacity 9059K, committed 9088K, reserved 1048576K
}

Deoptimization events (20 events):
Event: 54.199 Thread 0x000001390a061e00 Uncommon trap: trap_request=0xfffffff4 fr.pc=0x0000013919fa54fc relative=0x0000000000000cfc
Event: 54.199 Thread 0x000001390a061e00 Uncommon trap: reason=null_check action=make_not_entrant pc=0x0000013919fa54fc method=java.lang.Class.getGenericSuperclass()Ljava/lang/reflect/Type; @ 10 c2
Event: 54.199 Thread 0x000001390a061e00 DEOPT PACKING pc=0x0000013919fa54fc sp=0x00000033921fc250
Event: 54.200 Thread 0x000001390a061e00 DEOPT UNPACKING pc=0x00000139122de42f sp=0x00000033921fc1b8 mode 2
Event: 55.421 Thread 0x000001390a061e00 Uncommon trap: trap_request=0xffffff45 fr.pc=0x0000013919e86bf4 relative=0x00000000000014f4
Event: 55.421 Thread 0x000001390a061e00 Uncommon trap: reason=unstable_if action=reinterpret pc=0x0000013919e86bf4 method=jdk.internal.module.SystemModuleFinders$SystemModuleReader.find(Ljava/lang/String;)Ljava/util/Optional; @ 7 c2
Event: 55.421 Thread 0x000001390a061e00 DEOPT PACKING pc=0x0000013919e86bf4 sp=0x00000033921f9290
Event: 55.421 Thread 0x000001390a061e00 DEOPT UNPACKING pc=0x00000139122de42f sp=0x00000033921f92e0 mode 2
Event: 55.736 Thread 0x000001390a061e00 Uncommon trap: trap_request=0xffffff45 fr.pc=0x000001391a0601e8 relative=0x0000000000000b68
Event: 55.736 Thread 0x000001390a061e00 Uncommon trap: reason=unstable_if action=reinterpret pc=0x000001391a0601e8 method=java.lang.ClassLoader.preDefineClass(Ljava/lang/String;Ljava/security/ProtectionDomain;)Ljava/security/ProtectionDomain; @ 96 c2
Event: 55.736 Thread 0x000001390a061e00 DEOPT PACKING pc=0x000001391a0601e8 sp=0x00000033921f8800
Event: 55.736 Thread 0x000001390a061e00 DEOPT UNPACKING pc=0x00000139122de42f sp=0x00000033921f87b0 mode 2
Event: 55.788 Thread 0x000001390a061e00 DEOPT PACKING pc=0x0000013912bb872a sp=0x00000033921f75f0
Event: 55.788 Thread 0x000001390a061e00 DEOPT UNPACKING pc=0x00000139122de23f sp=0x00000033921f6b00 mode 0
Event: 55.799 Thread 0x000001390a061e00 DEOPT PACKING pc=0x0000013912bb872a sp=0x00000033921f87a0
Event: 55.799 Thread 0x000001390a061e00 DEOPT UNPACKING pc=0x00000139122de23f sp=0x00000033921f7cb0 mode 0
Event: 56.179 Thread 0x000001390a061e00 Uncommon trap: trap_request=0xffffff45 fr.pc=0x0000013919db65d8 relative=0x0000000000000058
Event: 56.179 Thread 0x000001390a061e00 Uncommon trap: reason=unstable_if action=reinterpret pc=0x0000013919db65d8 method=java.util.Objects.equals(Ljava/lang/Object;Ljava/lang/Object;)Z @ 6 c2
Event: 56.179 Thread 0x000001390a061e00 DEOPT PACKING pc=0x0000013919db65d8 sp=0x00000033921fb9f0
Event: 56.179 Thread 0x000001390a061e00 DEOPT UNPACKING pc=0x00000139122de42f sp=0x00000033921fb990 mode 2

Classes unloaded (0 events):
No events

Classes redefined (0 events):
No events

Internal exceptions (20 events):
Event: 52.674 Thread 0x000001390a061e00 Exception <a 'java/lang/ClassNotFoundException'{0x00000000851d7c98}: org/springframework/beans/factory/FactoryBeanCustomizer> (0x00000000851d7c98) 
thrown [./open/src/hotspot/share/classfile/systemDictionary.cpp, line 295]
Event: 52.676 Thread 0x000001390a061e00 Exception <a 'java/lang/ClassNotFoundException'{0x00000000851e2438}: org/springframework/context/ApplicationContextAwareCustomizer> (0x00000000851e2438) 
thrown [./open/src/hotspot/share/classfile/systemDictionary.cpp, line 295]
Event: 52.678 Thread 0x000001390a061e00 Exception <a 'java/lang/ClassNotFoundException'{0x00000000851eb458}: org/springframework/beans/factory/AwareCustomizer> (0x00000000851eb458) 
thrown [./open/src/hotspot/share/classfile/systemDictionary.cpp, line 295]
Event: 52.685 Thread 0x000001390a061e00 Exception <a 'java/lang/ClassNotFoundException'{0x00000000851f6d98}: java/lang/ObjectCustomizer> (0x00000000851f6d98) 
thrown [./open/src/hotspot/share/classfile/systemDictionary.cpp, line 295]
Event: 52.688 Thread 0x000001390a061e00 Exception <a 'java/lang/ClassNotFoundException'{0x0000000085003808}: org/springframework/boot/autoconfigure/web/client/RestTemplateBuilderConfigurerCustomizer> (0x0000000085003808) 
thrown [./open/src/hotspot/share/classfile/systemDictionary.cpp, line 295]
Event: 52.709 Thread 0x000001390a061e00 Exception <a 'java/lang/ClassNotFoundException'{0x0000000085032758}: org/springframework/boot/web/client/RestTemplateBuilderBeanInfo> (0x0000000085032758) 
thrown [./open/src/hotspot/share/classfile/systemDictionary.cpp, line 295]
Event: 52.712 Thread 0x000001390a061e00 Exception <a 'java/lang/ClassNotFoundException'{0x000000008503a3e8}: org/springframework/boot/web/client/RestTemplateBuilderCustomizer> (0x000000008503a3e8) 
thrown [./open/src/hotspot/share/classfile/systemDictionary.cpp, line 295]
Event: 52.927 Thread 0x000001390a061e00 Exception <a 'java/lang/NoSuchMethodError'{0x0000000084fc19d8}: 'java.lang.Object java.lang.invoke.DirectMethodHandle$Holder.invokeSpecial(java.lang.Object, java.lang.Object, int, java.lang.Object, int, java.lang.Object)'> (0x0000000084fc19d8) 
thrown [./open/src/hotspot/share/interpreter/linkResolver.cpp, line 782]
Event: 52.929 Thread 0x000001390a061e00 Exception <a 'java/lang/NoSuchMethodError'{0x0000000084fca710}: 'java.lang.Object java.lang.invoke.DirectMethodHandle$Holder.newInvokeSpecial(java.lang.Object, java.lang.Object, int, java.lang.Object, int)'> (0x0000000084fca710) 
thrown [./open/src/hotspot/share/interpreter/linkResolver.cpp, line 782]
Event: 52.930 Thread 0x000001390a061e00 Exception <a 'java/lang/NoSuchMethodError'{0x0000000084fcee70}: 'java.lang.Object java.lang.invoke.DirectMethodHandle$Holder.invokeSpecial(java.lang.Object, java.lang.Object, java.lang.Object, int, java.lang.Object, int)'> (0x0000000084fcee70) 
thrown [./open/src/hotspot/share/interpreter/linkResolver.cpp, line 782]
Event: 52.935 Thread 0x000001390a061e00 Exception <a 'java/lang/NoSuchMethodError'{0x0000000084fda130}: 'void java.lang.invoke.DirectMethodHandle$Holder.invokeVirtual(java.lang.Object, java.lang.Object)'> (0x0000000084fda130) 
thrown [./open/src/hotspot/share/interpreter/linkResolver.cpp, line 782]
Event: 53.241 Thread 0x000001390a061e00 Exception <a 'java/lang/ClassNotFoundException'{0x0000000089fac3a0}: java/lang/ObjectCustomizer> (0x0000000089fac3a0) 
thrown [./open/src/hotspot/share/classfile/systemDictionary.cpp, line 295]
Event: 53.243 Thread 0x000001390a061e00 Exception <a 'java/lang/ClassNotFoundException'{0x0000000089fb7670}: com/generation/blogpessoal/controller/UsuarioControllerTestCustomizer> (0x0000000089fb7670) 
thrown [./open/src/hotspot/share/classfile/systemDictionary.cpp, line 295]
Event: 53.384 Thread 0x000001390a061e00 Exception <a 'java/lang/IncompatibleClassChangeError'{0x0000000089f2f7b8}: Found class java.lang.Object, but interface was expected> (0x0000000089f2f7b8) 
thrown [./open/src/hotspot/share/interpreter/linkResolver.cpp, line 848]
Event: 54.199 Thread 0x000001390a061e00 Implicit null exception at 0x0000013919fa485a to 0x0000013919fa54ec
Event: 54.283 Thread 0x000001390a061e00 Exception <a 'java/lang/NoSuchMethodError'{0x0000000085502198}: 'java.lang.Object java.lang.invoke.DirectMethodHandle$Holder.newInvokeSpecial(java.lang.Object, java.lang.Object, java.lang.Object, java.lang.Object, int)'> (0x0000000085502198) 
thrown [./open/src/hotspot/share/interpreter/linkResolver.cpp, line 782]
Event: 54.304 Thread 0x000001390a061e00 Exception <a 'java/lang/NoSuchMethodError'{0x0000000085506798}: 'java.lang.Object java.lang.invoke.DirectMethodHandle$Holder.invokeSpecial(java.lang.Object, java.lang.Object, java.lang.Object, java.lang.Object, java.lang.Object, int)'> (0x0000000085506798) 
thrown [./open/src/hotspot/share/interpreter/linkResolver.cpp, line 782]
Event: 54.305 Thread 0x000001390a061e00 Exception <a 'java/lang/NoSuchMethodError'{0x000000008550a728}: 'java.lang.Object java.lang.invoke.Invokers$Holder.linkToTargetMethod(java.lang.Object, java.lang.Object, java.lang.Object, int, java.lang.Object)'> (0x000000008550a728) 
thrown [./open/src/hotspot/share/interpreter/linkResolver.cpp, line 782]
Event: 55.736 Thread 0x000001390a061e00 Implicit null exception at 0x000001391a05f886 to 0x000001391a0601a0
Event: 55.981 Thread 0x000001390a061e00 Exception <a 'java/lang/ClassNotFoundException'{0x0000000084fe3890}: java/lang/ClassLoader$ByteBuddyAccessor$QKXJeIb3> (0x0000000084fe3890) 
thrown [./open/src/hotspot/share/classfile/systemDictionary.cpp, line 295]

Events (20 events):
Event: 55.427 loading class jdk/internal/jimage/ImageBufferCache$1
Event: 55.427 loading class jdk/internal/jimage/ImageBufferCache$1 done
Event: 55.427 loading class jdk/internal/jimage/ImageBufferCache$2
Event: 55.427 loading class jdk/internal/jimage/ImageBufferCache$2 done
Event: 55.427 loading class jdk/internal/jimage/ImageBufferCache$BufferReference
Event: 55.427 loading class jdk/internal/jimage/ImageBufferCache$BufferReference done
Event: 55.707 loading class jdk/internal/vm/annotation/ForceInline
Event: 55.707 loading class jdk/internal/vm/annotation/ForceInline done
Event: 55.981 loading class java/lang/ClassLoader$ByteBuddyAccessor$QKXJeIb3
Event: 55.981 loading class java/lang/ClassLoader$ByteBuddyAccessor$QKXJeIb3 done
Event: 56.081 loading class java/io/FileWriter
Event: 56.081 loading class java/io/FileWriter done
Event: 56.178 loading class java/time/format/DateTimeFormatterBuilder$ZoneTextPrinterParser
Event: 56.179 loading class java/time/format/DateTimeFormatterBuilder$ZoneTextPrinterParser done
Event: 56.179 loading class java/time/format/DateTimeFormatterBuilder$ReducedPrinterParser
Event: 56.180 loading class java/time/format/DateTimeFormatterBuilder$ReducedPrinterParser done
Event: 56.272 Executing VM operation: HandshakeAllThreads
Event: 56.272 Executing VM operation: HandshakeAllThreads done
Event: 56.294 Executing VM operation: G1CollectForAllocation
Event: 56.307 Executing VM operation: G1CollectForAllocation done


Dynamic libraries:
0x00007ff7b0120000 - 0x00007ff7b012f000 	C:\Program Files\Java\jdk-15.0.2\bin\javaw.exe
0x00007ffa5b7d0000 - 0x00007ffa5b9c5000 	C:\Windows\SYSTEM32\ntdll.dll
0x00007ffa59ea0000 - 0x00007ffa59f5d000 	C:\Windows\System32\KERNEL32.DLL
0x00007ffa58f80000 - 0x00007ffa5924d000 	C:\Windows\System32\KERNELBASE.dll
0x00007ffa593f0000 - 0x00007ffa594f0000 	C:\Windows\System32\ucrtbase.dll
0x00007ffa4f6c0000 - 0x00007ffa4f6d8000 	C:\Program Files\Java\jdk-15.0.2\bin\jli.dll
0x00007ffa5a080000 - 0x00007ffa5a12e000 	C:\Windows\System32\ADVAPI32.dll
0x00007ffa59850000 - 0x00007ffa598ee000 	C:\Windows\System32\msvcrt.dll
0x00007ffa5b640000 - 0x00007ffa5b6dc000 	C:\Windows\System32\sechost.dll
0x00007ffa598f0000 - 0x00007ffa59a15000 	C:\Windows\System32\RPCRT4.dll
0x00007ffa59cf0000 - 0x00007ffa59e90000 	C:\Windows\System32\USER32.dll
0x00007ffa597f0000 - 0x00007ffa59812000 	C:\Windows\System32\win32u.dll
0x00007ffa59ae0000 - 0x00007ffa59b0a000 	C:\Windows\System32\GDI32.dll
0x00007ffa594f0000 - 0x00007ffa595fb000 	C:\Windows\System32\gdi32full.dll
0x00007ffa58ee0000 - 0x00007ffa58f7d000 	C:\Windows\System32\msvcp_win.dll
0x00007ffa4cc90000 - 0x00007ffa4cca9000 	C:\Program Files\Java\jdk-15.0.2\bin\VCRUNTIME140.dll
0x00007ffa49b80000 - 0x00007ffa49e1a000 	C:\Windows\WinSxS\amd64_microsoft.windows.common-controls_6595b64144ccf1df_6.0.19041.1110_none_60b5254171f9507e\COMCTL32.dll
0x00007ffa52130000 - 0x00007ffa5213a000 	C:\Windows\SYSTEM32\VERSION.dll
0x00007ffa59820000 - 0x00007ffa59850000 	C:\Windows\System32\IMM32.DLL
0x00007ffa50dc0000 - 0x00007ffa50dcc000 	C:\Program Files\Java\jdk-15.0.2\bin\vcruntime140_1.dll
0x00007ffa36640000 - 0x00007ffa366d1000 	C:\Program Files\Java\jdk-15.0.2\bin\msvcp140.dll
0x00007ffa01b50000 - 0x00007ffa026ae000 	C:\Program Files\Java\jdk-15.0.2\bin\server\jvm.dll
0x00007ffa5b5a0000 - 0x00007ffa5b5a8000 	C:\Windows\System32\PSAPI.DLL
0x00007ffa43fd0000 - 0x00007ffa43fd9000 	C:\Windows\SYSTEM32\WSOCK32.dll
0x00007ffa59b10000 - 0x00007ffa59b7b000 	C:\Windows\System32\WS2_32.dll
0x00007ffa3b740000 - 0x00007ffa3b767000 	C:\Windows\SYSTEM32\WINMM.dll
0x00007ffa56de0000 - 0x00007ffa56df2000 	C:\Windows\SYSTEM32\kernel.appcore.dll
0x00007ffa50c10000 - 0x00007ffa50c1a000 	C:\Program Files\Java\jdk-15.0.2\bin\jimage.dll
0x00007ffa43630000 - 0x00007ffa43814000 	C:\Windows\SYSTEM32\DBGHELP.DLL
0x00007ffa434c0000 - 0x00007ffa434ec000 	C:\Windows\SYSTEM32\dbgcore.DLL
0x00007ffa59760000 - 0x00007ffa597e2000 	C:\Windows\System32\bcryptPrimitives.dll
0x00007ffa4c4f0000 - 0x00007ffa4c515000 	C:\Program Files\Java\jdk-15.0.2\bin\java.dll
0x00007ffa5a130000 - 0x00007ffa5a874000 	C:\Windows\System32\SHELL32.dll
0x00007ffa56fe0000 - 0x00007ffa57774000 	C:\Windows\SYSTEM32\windows.storage.dll
0x00007ffa5aac0000 - 0x00007ffa5ae14000 	C:\Windows\System32\combase.dll
0x00007ffa58870000 - 0x00007ffa5889c000 	C:\Windows\SYSTEM32\Wldp.dll
0x00007ffa59be0000 - 0x00007ffa59c8d000 	C:\Windows\System32\SHCORE.dll
0x00007ffa59a80000 - 0x00007ffa59ad5000 	C:\Windows\System32\shlwapi.dll
0x00007ffa58e20000 - 0x00007ffa58e3f000 	C:\Windows\SYSTEM32\profapi.dll
0x00007ffa4b880000 - 0x00007ffa4b899000 	C:\Program Files\Java\jdk-15.0.2\bin\net.dll
0x00007ffa4f4f0000 - 0x00007ffa4f5fa000 	C:\Windows\SYSTEM32\WINHTTP.dll
0x00007ffa585d0000 - 0x00007ffa5863a000 	C:\Windows\system32\mswsock.dll
0x00007ffa4a550000 - 0x00007ffa4a562000 	C:\Program Files\Java\jdk-15.0.2\bin\nio.dll
0x00007ffa4a530000 - 0x00007ffa4a548000 	C:\Program Files\Java\jdk-15.0.2\bin\zip.dll
0x00007ffa582c0000 - 0x00007ffa582fb000 	C:\Windows\SYSTEM32\IPHLPAPI.DLL
0x00007ffa59e90000 - 0x00007ffa59e98000 	C:\Windows\System32\NSI.dll
0x00007ffa4cec0000 - 0x00007ffa4ced7000 	C:\Windows\SYSTEM32\dhcpcsvc6.DLL
0x00007ffa4cf70000 - 0x00007ffa4cf8d000 	C:\Windows\SYSTEM32\dhcpcsvc.DLL
0x00007ffa58300000 - 0x00007ffa583cb000 	C:\Windows\SYSTEM32\DNSAPI.dll
0x00007ffa50bd0000 - 0x00007ffa50be0000 	C:\Program Files\Java\jdk-15.0.2\bin\verify.dll
0x00007ffa4e500000 - 0x00007ffa4e509000 	C:\Program Files\Java\jdk-15.0.2\bin\management.dll
0x00007ffa4d100000 - 0x00007ffa4d10b000 	C:\Program Files\Java\jdk-15.0.2\bin\management_ext.dll
0x00007ffa3c120000 - 0x00007ffa3c137000 	C:\Windows\system32\napinsp.dll
0x00007ffa3c0d0000 - 0x00007ffa3c0eb000 	C:\Windows\system32\pnrpnsp.dll
0x00007ffa3cd80000 - 0x00007ffa3cd95000 	C:\Windows\system32\wshbth.dll
0x00007ffa53ee0000 - 0x00007ffa53efd000 	C:\Windows\system32\NLAapi.dll
0x00007ffa3bf40000 - 0x00007ffa3bf52000 	C:\Windows\System32\winrnr.dll
0x00007ffa48840000 - 0x00007ffa4884a000 	C:\Windows\System32\rasadhlp.dll
0x00007ffa48900000 - 0x00007ffa48980000 	C:\Windows\System32\fwpuclnt.dll
0x00007ffa593c0000 - 0x00007ffa593e7000 	C:\Windows\System32\bcrypt.dll
0x00007ffa587c0000 - 0x00007ffa587d8000 	C:\Windows\SYSTEM32\CRYPTSP.dll
0x00007ffa57f50000 - 0x00007ffa57f84000 	C:\Windows\system32\rsaenh.dll
0x00007ffa58da0000 - 0x00007ffa58dce000 	C:\Windows\SYSTEM32\USERENV.dll
0x00007ffa587e0000 - 0x00007ffa587ec000 	C:\Windows\SYSTEM32\CRYPTBASE.dll
0x00007ffa4cae0000 - 0x00007ffa4caed000 	C:\Program Files\Java\jdk-15.0.2\bin\sunmscapi.dll
0x00007ffa59600000 - 0x00007ffa59756000 	C:\Windows\System32\CRYPT32.dll
0x00007ffa588e0000 - 0x00007ffa58907000 	C:\Windows\SYSTEM32\ncrypt.dll
0x00007ffa588a0000 - 0x00007ffa588db000 	C:\Windows\SYSTEM32\NTASN1.dll

dbghelp: loaded successfully - version: 4.0.5 - missing functions: none
symbol engine: initialized successfully - sym options: 0x614 - pdb path: .;C:\Program Files\Java\jdk-15.0.2\bin;C:\Windows\SYSTEM32;C:\Windows\WinSxS\amd64_microsoft.windows.common-controls_6595b64144ccf1df_6.0.19041.1110_none_60b5254171f9507e;C:\Program Files\Java\jdk-15.0.2\bin\server

VM Arguments:
jvm_args: -ea -Dfile.encoding=UTF-8 -XX:+ShowCodeDetailsInExceptionMessages 
java_command: org.eclipse.jdt.internal.junit.runner.RemoteTestRunner -version 3 -port 52791 -testLoaderClass org.eclipse.jdt.internal.junit5.runner.JUnit5TestLoader -loaderpluginname org.eclipse.jdt.junit5.runtime -classNames com.generation.blogpessoal.controller.UsuarioControllerTest
java_class_path (initial): C:\Users\usuario\Documents\workspace-spring-tool-suite-4-4.13.1.RELEASE\blogpessoal\target\test-classes;C:\Users\usuario\Documents\workspace-spring-tool-suite-4-4.13.1.RELEASE\blogpessoal\target\classes;C:\Users\usuario\.m2\repository\org\springframework\boot\spring-boot-starter-data-jpa\2.6.7\spring-boot-starter-data-jpa-2.6.7.jar;C:\Users\usuario\.m2\repository\org\springframework\boot\spring-boot-starter-aop\2.6.7\spring-boot-starter-aop-2.6.7.jar;C:\Users\usuario\.m2\repository\org\aspectj\aspectjweaver\1.9.7\aspectjweaver-1.9.7.jar;C:\Users\usuario\.m2\repository\org\springframework\boot\spring-boot-starter-jdbc\2.6.7\spring-boot-starter-jdbc-2.6.7.jar;C:\Users\usuario\.m2\repository\com\zaxxer\HikariCP\4.0.3\HikariCP-4.0.3.jar;C:\Users\usuario\.m2\repository\org\springframework\spring-jdbc\5.3.19\spring-jdbc-5.3.19.jar;C:\Users\usuario\.m2\repository\jakarta\transaction\jakarta.transaction-api\1.3.3\jakarta.transaction-api-1.3.3.jar;C:\Users\usuario\.m2\repository\jakarta\persistence\jakarta.persistence-api\2.2.3\jakarta.persistence-api-2.2.3.jar;C:\Users\usuario\.m2\repository\org\hibernate\hibernate-core\5.6.8.Final\hibernate-core-5.6.8.Final.jar;C:\Users\usuario\.m2\repository\org\jboss\logging\jboss-logging\3.4.3.Final\jboss-logging-3.4.3.Final.jar;C:\Users\usuario\.m2\repository\net\bytebuddy\byte-buddy\1.11.22\byte-buddy-1.11.22.jar;C:\Users\usuario\.m2\repository\antlr\antlr\2.7.7\antlr-2.7.7.jar;C:\Users\usuario\.m2\repository\org\jboss\jandex\2.4.2.Final\jandex-2.4.2.Final.jar;C:\Users\usuario\.m2\repository\com\fasterxml\classmate\1.5.1\classmate-1.5.1.jar;C:\Users\usuario\.m2\repository\org\hibernate\common\hibernate-commons-annotations\5.1.2.Final\hibernate-commons-annotations-5.1.2.Final.jar;C:\Users\usuario\.m2\repository\org\glassfish\jaxb\jaxb-runtime\2.3.6\jaxb-runtime-2.3.6.jar;C:\Users\usuario\.m2\repository\org\glassfish\jaxb\txw2\2.3.6\txw2-2.3.6.jar;C:\Users\usuario\.m2\repository\com\sun\istack\istack-commons
Launcher Type: SUN_STANDARD

[Global flags]
     intx CICompilerCount                          = 3                                         {product} {ergonomic}
     uint ConcGCThreads                            = 1                                         {product} {ergonomic}
     uint G1ConcRefinementThreads                  = 4                                         {product} {ergonomic}
   size_t G1HeapRegionSize                         = 1048576                                   {product} {ergonomic}
    uintx GCDrainStackTargetSize                   = 64                                        {product} {ergonomic}
   size_t InitialHeapSize                          = 132120576                                 {product} {ergonomic}
   size_t MarkStackSize                            = 4194304                                   {product} {ergonomic}
   size_t MaxHeapSize                              = 2111832064                                {product} {ergonomic}
   size_t MaxNewSize                               = 1266679808                                {product} {ergonomic}
   size_t MinHeapDeltaBytes                        = 1048576                                   {product} {ergonomic}
   size_t MinHeapSize                              = 8388608                                   {product} {ergonomic}
    uintx NonNMethodCodeHeapSize                   = 5832780                                {pd product} {ergonomic}
    uintx NonProfiledCodeHeapSize                  = 122912730                              {pd product} {ergonomic}
    uintx ProfiledCodeHeapSize                     = 122912730                              {pd product} {ergonomic}
    uintx ReservedCodeCacheSize                    = 251658240                              {pd product} {ergonomic}
     bool SegmentedCodeCache                       = true                                      {product} {ergonomic}
     bool ShowCodeDetailsInExceptionMessages       = true                                   {manageable} {command line}
   size_t SoftMaxHeapSize                          = 2111832064                             {manageable} {ergonomic}
     bool UseCompressedClassPointers               = true                                 {lp64_product} {ergonomic}
     bool UseCompressedOops                        = true                                 {lp64_product} {ergonomic}
     bool UseG1GC                                  = true                                      {product} {ergonomic}
     bool UseLargePagesIndividualAllocation        = false                                  {pd product} {ergonomic}

Logging:
Log output configuration:
 #0: stdout all=warning uptime,level,tags
 #1: stderr all=off uptime,level,tags

Environment Variables:
PATH=C:/Users/usuario/Downloads/sts-4.13.1.RELEASE//plugins/org.eclipse.justj.openjdk.hotspot.jre.full.win32.x86_64_17.0.1.v20211116-1657/jre/bin/server;C:/Users/usuario/Downloads/sts-4.13.1.RELEASE//plugins/org.eclipse.justj.openjdk.hotspot.jre.full.win32.x86_64_17.0.1.v20211116-1657/jre/bin;C:\Program Files\Common Files\Oracle\Java\javapath;C:\Windows\system32;C:\Windows;C:\Windows\System32\Wbem;C:\Windows\System32\WindowsPowerShell\v1.0\;C:\Windows\System32\OpenSSH\;C:\Program Files (x86)\Intel\Intel(R) Management Engine Components\DAL;C:\Program Files\Intel\Intel(R) Management Engine Components\DAL;C:\ProgramData\UNIVALI\Portugol Studio;C:\Program Files\Git\cmd;C:\Program Files\nodejs\;C:\Users\usuario\AppData\Local\Microsoft\WindowsApps;;C:\Users\usuario\AppData\Local\Programs\Microsoft VS Code\bin;C:\Users\usuario\AppData\Roaming\npm;C:\Users\usuario\Downloads\sts-4.13.1.RELEASE;
USERNAME=usuario
OS=Windows_NT
PROCESSOR_IDENTIFIER=Intel64 Family 6 Model 58 Stepping 9, GenuineIntel



---------------  S Y S T E M  ---------------

OS:
 Windows 10 , 64 bit Build 19041 (10.0.19041.1706)
OS uptime: 1 days 12:08 hours

CPU: total 4 (initial active 4) (2 cores per cpu, 2 threads per core) family 6 model 58 stepping 9 microcode 0x21, cmov, cx8, fxsr, mmx, sse, sse2, sse3, ssse3, sse4.1, sse4.2, popcnt, vzeroupper, avx, aes, clmul, erms, ht, tsc, tscinvbit, tscinv, clflush

Memory: 4k page, system-wide physical 8052M (1932M free)
TotalPageFile size 12148M (AvailPageFile size 5739M)
current process WorkingSet (physical memory assigned to process): 258M, peak: 267M
current process commit charge ("private bytes"): 291M, peak: 301M

vm_info: Java HotSpot(TM) 64-Bit Server VM (15.0.2+7-27) for windows-amd64 JRE (15.0.2+7-27), built on Dec  7 2020 20:07:01 by "mach5one" with unknown MS VC++:1925

END.
